<?xml version="1.0" encoding="UTF-8"?>
<!-- Generated by org.testng.reporters.JUnitReportReporter -->
<testsuite skipped="0" hostname="HANDIQUE-PC" name="MavenDemo.HelloMaven" tests="1" failures="0" timestamp="20 Aug 2020 15:33:19 GMT" time="0.030" errors="0">
  <testcase name="test_print" time="0.030" classname="MavenDemo.HelloMaven"/>
</testsuite> <!-- MavenDemo.HelloMaven -->
