<?xml version="1.0" encoding="UTF-8"?>
<!-- Generated by org.testng.reporters.JUnitReportReporter -->
<testsuite skipped="0" hostname="HANDIQUE-PC" name="com.web.testcases.login_test_with_utilities" tests="2" failures="0" timestamp="28 Aug 2020 11:32:27 GMT" time="47.790" errors="0">
  <testcase name="XAP_page_title" time="10.915" classname="com.web.testcases.login_test_with_utilities"/>
  <testcase name="XAP_logout" time="36.875" classname="com.web.testcases.login_test_with_utilities"/>
</testsuite> <!-- com.web.testcases.login_test_with_utilities -->
