<?xml version="1.0" encoding="UTF-8"?>
<!-- Generated by org.testng.reporters.JUnitReportReporter -->
<testsuite skipped="0" hostname="HANDIQUE-PC" name="Practice.login" tests="6" failures="0" timestamp="11 Sep 2020 07:53:54 GMT" time="227.382" errors="0">
  <testcase name="Page_Title" time="15.494" classname="Practice.login"/>
  <testcase name="lost_password_link" time="33.386" classname="Practice.login"/>
  <testcase name="checkbox_default" time="22.588" classname="Practice.login"/>
  <testcase name="valid_login" time="62.759" classname="Practice.login"/>
  <testcase name="checkbox_uncheck" time="28.257" classname="Practice.login"/>
  <testcase name="invalid_login_and_error_message" time="64.898" classname="Practice.login"/>
</testsuite> <!-- Practice.login -->
