<?xml version="1.0" encoding="UTF-8"?>
<!-- Generated by org.testng.reporters.JUnitReportReporter -->
<testsuite skipped="0" hostname="HANDIQUE-PC" name="com.web.testcases.login_test_without_utility" tests="1" failures="0" timestamp="25 Aug 2020 19:26:04 GMT" time="37.218" errors="0">
  <testcase name="XAP_Logout" time="37.218" classname="com.web.testcases.login_test_without_utility"/>
</testsuite> <!-- com.web.testcases.login_test_without_utility -->
